<?xml version="1.0" encoding="UTF-8"?>
<!-- Generated by org.testng.reporters.JUnitReportReporter -->
<testsuite skipped="0" hostname="aapc-1496" name="driverscript.MainScript" tests="3" failures="0" timestamp="24 Jun 2018 04:25:57 GMT" time="30.908" errors="0">
  <testcase name="tc001" time="12.736" classname="driverscript.MainScript"/>
  <testcase name="tc002" time="13.661" classname="driverscript.MainScript"/>
  <testcase name="tc003" time="4.511" classname="driverscript.MainScript"/>
</testsuite> <!-- driverscript.MainScript -->
