<?xml version="1.0" encoding="UTF-8"?>
<!-- Generated by org.testng.reporters.JUnitReportReporter -->
<testsuite skipped="0" hostname="aapc-1496" name="driverscript.MainScript" tests="3" failures="0" timestamp="30 Jun 2018 03:21:22 GMT" time="32.762" errors="0">
  <testcase name="tc001" time="14.391" classname="driverscript.MainScript"/>
  <testcase name="tc002" time="13.541" classname="driverscript.MainScript"/>
  <testcase name="tc003" time="4.830" classname="driverscript.MainScript"/>
</testsuite> <!-- driverscript.MainScript -->
