<?xml version="1.0" encoding="UTF-8"?>
<!-- Generated by org.testng.reporters.JUnitReportReporter -->
<testsuite hostname="DESKTOP-4RQH96H" failures="0" tests="3" name="driverscript.mainscript" time="17.185" errors="0" timestamp="25 Jun 2018 02:33:56 GMT" skipped="0">
  <testcase classname="driverscript.mainscript" name="tc001" time="8.331"/>
  <testcase classname="driverscript.mainscript" name="tc002" time="8.292"/>
  <testcase classname="driverscript.mainscript" name="tc003" time="0.562"/>
</testsuite> <!-- driverscript.mainscript -->
