<?xml version="1.0" encoding="UTF-8"?>
<!-- Generated by org.testng.reporters.JUnitReportReporter -->
<testsuite hostname="DESKTOP-4RQH96H" failures="0" tests="1" name="driverscript.mainscript" time="17.098" errors="0" timestamp="05 Jul 2018 16:17:46 GMT" skipped="0">
  <testcase classname="driverscript.mainscript" name="tc002" time="17.098"/>
</testsuite> <!-- driverscript.mainscript -->
